This file contains any messages produced by compilers while
running configure, to aid debugging if configure makes a mistake.

It was created by twt_sim configure 0.1-000, which was
generated by GNU Autoconf 2.69.  Invocation command line was

  $ /home/kubuntu/Projects/TWT-Sim/configure --enable-maintainer-mode CFLAGS=-g -O0 CXXFLAGS=-g -O0 JFLAGS=-g -O0 FFLAGS=-g -O0

## --------- ##
## Platform. ##
## --------- ##

hostname = kubuntu2004
uname -m = x86_64
uname -r = 5.4.0-37-generic
uname -s = Linux
uname -v = #41-Ubuntu SMP Wed Jun 3 18:57:02 UTC 2020

/usr/bin/uname -p = x86_64
/bin/uname -X     = unknown

/bin/arch              = x86_64
/usr/bin/arch -k       = unknown
/usr/convex/getsysinfo = unknown
/usr/bin/hostinfo      = unknown
/bin/machine           = unknown
/usr/bin/oslevel       = unknown
/bin/universe          = unknown

PATH: /usr/local/sbin
PATH: /usr/local/bin
PATH: /usr/sbin
PATH: /usr/bin
PATH: /sbin
PATH: /bin
PATH: /usr/games
PATH: /usr/local/games
PATH: /snap/bin


## ----------- ##
## Core tests. ##
## ----------- ##

configure:2292: checking for a BSD-compatible install
configure:2360: result: /usr/bin/install -c
configure:2371: checking whether build environment is sane
configure:2426: result: yes
configure:2575: checking for a thread-safe mkdir -p
configure:2614: result: /usr/bin/mkdir -p
configure:2621: checking for gawk
configure:2651: result: no
configure:2621: checking for mawk
configure:2637: found /usr/bin/mawk
configure:2648: result: mawk
configure:2659: checking whether make sets $(MAKE)
configure:2681: result: yes
configure:2710: checking whether make supports nested variables
configure:2727: result: yes
configure:2865: checking whether make supports nested variables
configure:2882: result: yes
configure:2952: checking for g++
configure:2968: found /usr/bin/g++
configure:2979: result: g++
configure:3006: checking for C++ compiler version
configure:3015: g++ --version >&5
g++ (Ubuntu 9.3.0-10ubuntu2) 9.3.0
Copyright (C) 2019 Free Software Foundation, Inc.
This is free software; see the source for copying conditions.  There is NO
warranty; not even for MERCHANTABILITY or FITNESS FOR A PARTICULAR PURPOSE.

configure:3026: $? = 0
configure:3015: g++ -v >&5
Using built-in specs.
COLLECT_GCC=g++
COLLECT_LTO_WRAPPER=/usr/lib/gcc/x86_64-linux-gnu/9/lto-wrapper
OFFLOAD_TARGET_NAMES=nvptx-none:hsa
OFFLOAD_TARGET_DEFAULT=1
Target: x86_64-linux-gnu
Configured with: ../src/configure -v --with-pkgversion='Ubuntu 9.3.0-10ubuntu2' --with-bugurl=file:///usr/share/doc/gcc-9/README.Bugs --enable-languages=c,ada,c++,go,brig,d,fortran,objc,obj-c++,gm2 --prefix=/usr --with-gcc-major-version-only --program-suffix=-9 --program-prefix=x86_64-linux-gnu- --enable-shared --enable-linker-build-id --libexecdir=/usr/lib --without-included-gettext --enable-threads=posix --libdir=/usr/lib --enable-nls --enable-clocale=gnu --enable-libstdcxx-debug --enable-libstdcxx-time=yes --with-default-libstdcxx-abi=new --enable-gnu-unique-object --disable-vtable-verify --enable-plugin --enable-default-pie --with-system-zlib --with-target-system-zlib=auto --enable-objc-gc=auto --enable-multiarch --disable-werror --with-arch-32=i686 --with-abi=m64 --with-multilib-list=m32,m64,mx32 --enable-multilib --with-tune=generic --enable-offload-targets=nvptx-none,hsa --without-cuda-driver --enable-checking=release --build=x86_64-linux-gnu --host=x86_64-linux-gnu --target=x86_64-linux-gnu
Thread model: posix
gcc version 9.3.0 (Ubuntu 9.3.0-10ubuntu2) 
configure:3026: $? = 0
configure:3015: g++ -V >&5
g++: error: unrecognized command line option '-V'
g++: fatal error: no input files
compilation terminated.
configure:3026: $? = 1
configure:3015: g++ -qversion >&5
g++: error: unrecognized command line option '-qversion'; did you mean '--version'?
g++: fatal error: no input files
compilation terminated.
configure:3026: $? = 1
configure:3046: checking whether the C++ compiler works
configure:3068: g++ -g -O0   conftest.cpp  >&5
configure:3072: $? = 0
configure:3120: result: yes
configure:3123: checking for C++ compiler default output file name
configure:3125: result: a.out
configure:3131: checking for suffix of executables
configure:3138: g++ -o conftest -g -O0   conftest.cpp  >&5
configure:3142: $? = 0
configure:3164: result: 
configure:3186: checking whether we are cross compiling
configure:3194: g++ -o conftest -g -O0   conftest.cpp  >&5
configure:3198: $? = 0
configure:3205: ./conftest
configure:3209: $? = 0
configure:3197: result: no
configure:3202: checking for suffix of object files
configure:3224: g++ -c -g -O0  conftest.cpp >&5
configure:3228: $? = 0
configure:3249: result: o
configure:3253: checking whether we are using the GNU C++ compiler
configure:3272: g++ -c -g -O0  conftest.cpp >&5
configure:3272: $? = 0
configure:3281: result: yes
configure:3290: checking whether g++ accepts -g
configure:3310: g++ -c -g  conftest.cpp >&5
configure:3310: $? = 0
configure:3351: result: yes
configure:3377: checking whether make supports the include directive
configure:3392: make -f confmf.GNU && cat confinc.out
this is the am__doit target
configure:3395: $? = 0
configure:3414: result: yes (GNU style)
configure:3439: checking dependency style of g++
configure:3550: result: gcc3
configure:3570: checking whether NLS is requested
configure:3579: result: yes
configure:3597: checking for intltool >= 0.35.0
configure:3599: result: 0.51.0 found
configure:3607: checking for intltool-update
configure:3625: found /usr/bin/intltool-update
configure:3637: result: /usr/bin/intltool-update
configure:3647: checking for intltool-merge
configure:3665: found /usr/bin/intltool-merge
configure:3677: result: /usr/bin/intltool-merge
configure:3687: checking for intltool-extract
configure:3705: found /usr/bin/intltool-extract
configure:3717: result: /usr/bin/intltool-extract
configure:3871: checking for xgettext
configure:3889: found /usr/bin/xgettext
configure:3901: result: /usr/bin/xgettext
configure:3911: checking for msgmerge
configure:3929: found /usr/bin/msgmerge
configure:3941: result: /usr/bin/msgmerge
configure:3951: checking for msgfmt
configure:3969: found /usr/bin/msgfmt
configure:3981: result: /usr/bin/msgfmt
configure:3991: checking for gmsgfmt
configure:4022: result: /usr/bin/msgfmt
configure:4042: checking for perl
configure:4060: found /usr/bin/perl
configure:4072: result: /usr/bin/perl
configure:4083: checking for perl >= 5.8.1
configure:4090: result: 5.30.0
configure:4094: checking for XML::Parser
configure:4097: result: ok
configure:4166: checking for gcc
configure:4182: found /usr/bin/gcc
configure:4193: result: gcc
configure:4422: checking for C compiler version
configure:4431: gcc --version >&5
gcc (Ubuntu 9.3.0-10ubuntu2) 9.3.0
Copyright (C) 2019 Free Software Foundation, Inc.
This is free software; see the source for copying conditions.  There is NO
warranty; not even for MERCHANTABILITY or FITNESS FOR A PARTICULAR PURPOSE.

configure:4442: $? = 0
configure:4431: gcc -v >&5
Using built-in specs.
COLLECT_GCC=gcc
COLLECT_LTO_WRAPPER=/usr/lib/gcc/x86_64-linux-gnu/9/lto-wrapper
OFFLOAD_TARGET_NAMES=nvptx-none:hsa
OFFLOAD_TARGET_DEFAULT=1
Target: x86_64-linux-gnu
Configured with: ../src/configure -v --with-pkgversion='Ubuntu 9.3.0-10ubuntu2' --with-bugurl=file:///usr/share/doc/gcc-9/README.Bugs --enable-languages=c,ada,c++,go,brig,d,fortran,objc,obj-c++,gm2 --prefix=/usr --with-gcc-major-version-only --program-suffix=-9 --program-prefix=x86_64-linux-gnu- --enable-shared --enable-linker-build-id --libexecdir=/usr/lib --without-included-gettext --enable-threads=posix --libdir=/usr/lib --enable-nls --enable-clocale=gnu --enable-libstdcxx-debug --enable-libstdcxx-time=yes --with-default-libstdcxx-abi=new --enable-gnu-unique-object --disable-vtable-verify --enable-plugin --enable-default-pie --with-system-zlib --with-target-system-zlib=auto --enable-objc-gc=auto --enable-multiarch --disable-werror --with-arch-32=i686 --with-abi=m64 --with-multilib-list=m32,m64,mx32 --enable-multilib --with-tune=generic --enable-offload-targets=nvptx-none,hsa --without-cuda-driver --enable-checking=release --build=x86_64-linux-gnu --host=x86_64-linux-gnu --target=x86_64-linux-gnu
Thread model: posix
gcc version 9.3.0 (Ubuntu 9.3.0-10ubuntu2) 
configure:4442: $? = 0
configure:4431: gcc -V >&5
gcc: error: unrecognized command line option '-V'
gcc: fatal error: no input files
compilation terminated.
configure:4442: $? = 1
configure:4431: gcc -qversion >&5
gcc: error: unrecognized command line option '-qversion'; did you mean '--version'?
gcc: fatal error: no input files
compilation terminated.
configure:4442: $? = 1
configure:4446: checking whether we are using the GNU C compiler
configure:4465: gcc -c -g -O0  conftest.c >&5
configure:4465: $? = 0
configure:4474: result: yes
configure:4483: checking whether gcc accepts -g
configure:4503: gcc -c -g  conftest.c >&5
configure:4503: $? = 0
configure:4544: result: yes
configure:4561: checking for gcc option to accept ISO C89
configure:4624: gcc  -c -g -O0  conftest.c >&5
configure:4624: $? = 0
configure:4637: result: none needed
configure:4662: checking whether gcc understands -c and -o together
configure:4684: gcc -c conftest.c -o conftest2.o
configure:4687: $? = 0
configure:4684: gcc -c conftest.c -o conftest2.o
configure:4687: $? = 0
configure:4699: result: yes
configure:4718: checking dependency style of gcc
configure:4829: result: gcc3
configure:4850: checking how to run the C preprocessor
configure:4881: gcc -E  conftest.c
configure:4881: $? = 0
configure:4895: gcc -E  conftest.c
conftest.c:12:10: fatal error: ac_nonexistent.h: No such file or directory
   12 | #include <ac_nonexistent.h>
      |          ^~~~~~~~~~~~~~~~~~
compilation terminated.
configure:4895: $? = 1
configure: failed program was:
| /* confdefs.h */
| #define PACKAGE_NAME "twt_sim"
| #define PACKAGE_TARNAME "twt_sim"
| #define PACKAGE_VERSION "0.1-000"
| #define PACKAGE_STRING "twt_sim 0.1-000"
| #define PACKAGE_BUGREPORT ""
| #define PACKAGE_URL ""
| #define PACKAGE "twt_sim"
| #define VERSION "0.1-000"
| #define GETTEXT_PACKAGE "twt_sim"
| /* end confdefs.h.  */
| #include <ac_nonexistent.h>
configure:4920: result: gcc -E
configure:4940: gcc -E  conftest.c
configure:4940: $? = 0
configure:4954: gcc -E  conftest.c
conftest.c:12:10: fatal error: ac_nonexistent.h: No such file or directory
   12 | #include <ac_nonexistent.h>
      |          ^~~~~~~~~~~~~~~~~~
compilation terminated.
configure:4954: $? = 1
configure: failed program was:
| /* confdefs.h */
| #define PACKAGE_NAME "twt_sim"
| #define PACKAGE_TARNAME "twt_sim"
| #define PACKAGE_VERSION "0.1-000"
| #define PACKAGE_STRING "twt_sim 0.1-000"
| #define PACKAGE_BUGREPORT ""
| #define PACKAGE_URL ""
| #define PACKAGE "twt_sim"
| #define VERSION "0.1-000"
| #define GETTEXT_PACKAGE "twt_sim"
| /* end confdefs.h.  */
| #include <ac_nonexistent.h>
configure:4983: checking for grep that handles long lines and -e
configure:5041: result: /usr/bin/grep
configure:5046: checking for egrep
configure:5108: result: /usr/bin/grep -E
configure:5113: checking for ANSI C header files
configure:5133: gcc -c -g -O0  conftest.c >&5
configure:5133: $? = 0
configure:5206: gcc -o conftest -g -O0   conftest.c  >&5
configure:5206: $? = 0
configure:5206: ./conftest
configure:5206: $? = 0
configure:5217: result: yes
configure:5230: checking for sys/types.h
configure:5230: gcc -c -g -O0  conftest.c >&5
configure:5230: $? = 0
configure:5230: result: yes
configure:5230: checking for sys/stat.h
configure:5230: gcc -c -g -O0  conftest.c >&5
configure:5230: $? = 0
configure:5230: result: yes
configure:5230: checking for stdlib.h
configure:5230: gcc -c -g -O0  conftest.c >&5
configure:5230: $? = 0
configure:5230: result: yes
configure:5230: checking for string.h
configure:5230: gcc -c -g -O0  conftest.c >&5
configure:5230: $? = 0
configure:5230: result: yes
configure:5230: checking for memory.h
configure:5230: gcc -c -g -O0  conftest.c >&5
configure:5230: $? = 0
configure:5230: result: yes
configure:5230: checking for strings.h
configure:5230: gcc -c -g -O0  conftest.c >&5
configure:5230: $? = 0
configure:5230: result: yes
configure:5230: checking for inttypes.h
configure:5230: gcc -c -g -O0  conftest.c >&5
configure:5230: $? = 0
configure:5230: result: yes
configure:5230: checking for stdint.h
configure:5230: gcc -c -g -O0  conftest.c >&5
configure:5230: $? = 0
configure:5230: result: yes
configure:5230: checking for unistd.h
configure:5230: gcc -c -g -O0  conftest.c >&5
configure:5230: $? = 0
configure:5230: result: yes
configure:5245: checking locale.h usability
configure:5245: gcc -c -g -O0  conftest.c >&5
configure:5245: $? = 0
configure:5245: result: yes
configure:5245: checking locale.h presence
configure:5245: gcc -E  conftest.c
configure:5245: $? = 0
configure:5245: result: yes
configure:5245: checking for locale.h
configure:5245: result: yes
configure:5256: checking for LC_MESSAGES
configure:5272: gcc -o conftest -g -O0   conftest.c  >&5
configure:5272: $? = 0
configure:5280: result: yes
configure:5298: checking for CFPreferencesCopyAppValue
configure:5316: gcc -o conftest -g -O0   conftest.c  -Wl,-framework -Wl,CoreFoundation >&5
conftest.c:24:10: fatal error: CoreFoundation/CFPreferences.h: No such file or directory
   24 | #include <CoreFoundation/CFPreferences.h>
      |          ^~~~~~~~~~~~~~~~~~~~~~~~~~~~~~~~
compilation terminated.
configure:5316: $? = 1
configure: failed program was:
| /* confdefs.h */
| #define PACKAGE_NAME "twt_sim"
| #define PACKAGE_TARNAME "twt_sim"
| #define PACKAGE_VERSION "0.1-000"
| #define PACKAGE_STRING "twt_sim 0.1-000"
| #define PACKAGE_BUGREPORT ""
| #define PACKAGE_URL ""
| #define PACKAGE "twt_sim"
| #define VERSION "0.1-000"
| #define GETTEXT_PACKAGE "twt_sim"
| #define STDC_HEADERS 1
| #define HAVE_SYS_TYPES_H 1
| #define HAVE_SYS_STAT_H 1
| #define HAVE_STDLIB_H 1
| #define HAVE_STRING_H 1
| #define HAVE_MEMORY_H 1
| #define HAVE_STRINGS_H 1
| #define HAVE_INTTYPES_H 1
| #define HAVE_STDINT_H 1
| #define HAVE_UNISTD_H 1
| #define HAVE_LOCALE_H 1
| #define HAVE_LC_MESSAGES 1
| /* end confdefs.h.  */
| #include <CoreFoundation/CFPreferences.h>
| int
| main ()
| {
| CFPreferencesCopyAppValue(NULL, NULL)
|   ;
|   return 0;
| }
configure:5325: result: no
configure:5332: checking for CFLocaleCopyCurrent
configure:5350: gcc -o conftest -g -O0   conftest.c  -Wl,-framework -Wl,CoreFoundation >&5
conftest.c:24:10: fatal error: CoreFoundation/CFLocale.h: No such file or directory
   24 | #include <CoreFoundation/CFLocale.h>
      |          ^~~~~~~~~~~~~~~~~~~~~~~~~~~
compilation terminated.
configure:5350: $? = 1
configure: failed program was:
| /* confdefs.h */
| #define PACKAGE_NAME "twt_sim"
| #define PACKAGE_TARNAME "twt_sim"
| #define PACKAGE_VERSION "0.1-000"
| #define PACKAGE_STRING "twt_sim 0.1-000"
| #define PACKAGE_BUGREPORT ""
| #define PACKAGE_URL ""
| #define PACKAGE "twt_sim"
| #define VERSION "0.1-000"
| #define GETTEXT_PACKAGE "twt_sim"
| #define STDC_HEADERS 1
| #define HAVE_SYS_TYPES_H 1
| #define HAVE_SYS_STAT_H 1
| #define HAVE_STDLIB_H 1
| #define HAVE_STRING_H 1
| #define HAVE_MEMORY_H 1
| #define HAVE_STRINGS_H 1
| #define HAVE_INTTYPES_H 1
| #define HAVE_STDINT_H 1
| #define HAVE_UNISTD_H 1
| #define HAVE_LOCALE_H 1
| #define HAVE_LC_MESSAGES 1
| /* end confdefs.h.  */
| #include <CoreFoundation/CFLocale.h>
| int
| main ()
| {
| CFLocaleCopyCurrent();
|   ;
|   return 0;
| }
configure:5359: result: no
configure:5373: checking libintl.h usability
configure:5373: gcc -c -g -O0  conftest.c >&5
configure:5373: $? = 0
configure:5373: result: yes
configure:5373: checking libintl.h presence
configure:5373: gcc -E  conftest.c
configure:5373: $? = 0
configure:5373: result: yes
configure:5373: checking for libintl.h
configure:5373: result: yes
configure:5381: checking for ngettext in libc
configure:5399: gcc -o conftest -g -O0   conftest.c  >&5
configure:5399: $? = 0
configure:5408: result: yes
configure:5412: checking for dgettext in libc
configure:5430: gcc -o conftest -g -O0   conftest.c  >&5
configure:5430: $? = 0
configure:5439: result: yes
configure:5446: checking for bind_textdomain_codeset
configure:5446: gcc -o conftest -g -O0   conftest.c  >&5
configure:5446: $? = 0
configure:5446: result: yes
configure:5722: checking for msgfmt
configure:5749: result: /usr/bin/msgfmt
configure:5760: checking for dcgettext
configure:5760: gcc -o conftest -g -O0   conftest.c   >&5
conftest.c:49:6: warning: conflicting types for built-in function 'dcgettext'; expected 'char *(const char *, const char *, int)' [-Wbuiltin-declaration-mismatch]
   49 | char dcgettext ();
      |      ^~~~~~~~~
configure:5760: $? = 0
configure:5760: result: yes
configure:5770: checking if msgfmt accepts -c
configure:5785: $MSGFMT -c -o /dev/null conftest.foo
conftest.foo:3: warning: header field 'Language' missing in header
configure:5788: $? = 0
configure:5790: result: yes
configure:5800: checking for gmsgfmt
configure:5831: result: /usr/bin/msgfmt
configure:5841: checking for xgettext
configure:5868: result: /usr/bin/xgettext
configure:5887: gcc -o conftest -g -O0   conftest.c   >&5
configure:5887: $? = 0
configure:6139: checking that generated files are newer than configure
configure:6145: result: done
configure:6176: creating ./config.status

## ---------------------- ##
## Running config.status. ##
## ---------------------- ##

This file was extended by twt_sim config.status 0.1-000, which was
generated by GNU Autoconf 2.69.  Invocation command line was

  CONFIG_FILES    = 
  CONFIG_HEADERS  = 
  CONFIG_LINKS    = 
  CONFIG_COMMANDS = 
  $ ./config.status 

on kubuntu2004

config.status:935: creating Makefile
config.status:935: creating src/Makefile
config.status:935: creating po/Makefile.in
config.status:935: creating config.h
config.status:1149: executing depfiles commands
config.status:1226: cd src       && sed -e '/# am--include-marker/d' Makefile         | make -f - am--depfiles
config.status:1231: $? = 0
config.status:1149: executing default-1 commands
config.status:1149: executing po/stamp-it commands
configure:7517: WARNING: unrecognized options: --enable-maintainer-mode

## ---------------- ##
## Cache variables. ##
## ---------------- ##

ac_cv_c_compiler_gnu=yes
ac_cv_cxx_compiler_gnu=yes
ac_cv_env_CCC_set=
ac_cv_env_CCC_value=
ac_cv_env_CC_set=
ac_cv_env_CC_value=
ac_cv_env_CFLAGS_set=set
ac_cv_env_CFLAGS_value='-g -O0'
ac_cv_env_CPPFLAGS_set=
ac_cv_env_CPPFLAGS_value=
ac_cv_env_CPP_set=
ac_cv_env_CPP_value=
ac_cv_env_CXXFLAGS_set=set
ac_cv_env_CXXFLAGS_value='-g -O0'
ac_cv_env_CXX_set=
ac_cv_env_CXX_value=
ac_cv_env_LDFLAGS_set=
ac_cv_env_LDFLAGS_value=
ac_cv_env_LIBS_set=
ac_cv_env_LIBS_value=
ac_cv_env_build_alias_set=
ac_cv_env_build_alias_value=
ac_cv_env_host_alias_set=
ac_cv_env_host_alias_value=
ac_cv_env_target_alias_set=
ac_cv_env_target_alias_value=
ac_cv_func_bind_textdomain_codeset=yes
ac_cv_func_dcgettext=yes
ac_cv_header_inttypes_h=yes
ac_cv_header_libintl_h=yes
ac_cv_header_locale_h=yes
ac_cv_header_memory_h=yes
ac_cv_header_stdc=yes
ac_cv_header_stdint_h=yes
ac_cv_header_stdlib_h=yes
ac_cv_header_string_h=yes
ac_cv_header_strings_h=yes
ac_cv_header_sys_stat_h=yes
ac_cv_header_sys_types_h=yes
ac_cv_header_unistd_h=yes
ac_cv_objext=o
ac_cv_path_EGREP='/usr/bin/grep -E'
ac_cv_path_GMSGFMT=/usr/bin/msgfmt
ac_cv_path_GREP=/usr/bin/grep
ac_cv_path_INTLTOOL_EXTRACT=/usr/bin/intltool-extract
ac_cv_path_INTLTOOL_MERGE=/usr/bin/intltool-merge
ac_cv_path_INTLTOOL_PERL=/usr/bin/perl
ac_cv_path_INTLTOOL_UPDATE=/usr/bin/intltool-update
ac_cv_path_MSGFMT=/usr/bin/msgfmt
ac_cv_path_MSGMERGE=/usr/bin/msgmerge
ac_cv_path_XGETTEXT=/usr/bin/xgettext
ac_cv_path_install='/usr/bin/install -c'
ac_cv_path_mkdir=/usr/bin/mkdir
ac_cv_prog_AWK=mawk
ac_cv_prog_CPP='gcc -E'
ac_cv_prog_ac_ct_CC=gcc
ac_cv_prog_ac_ct_CXX=g++
ac_cv_prog_cc_c89=
ac_cv_prog_cc_g=yes
ac_cv_prog_cxx_g=yes
ac_cv_prog_make_make_set=yes
am_cv_CC_dependencies_compiler_type=gcc3
am_cv_CXX_dependencies_compiler_type=gcc3
am_cv_make_support_nested_variables=yes
am_cv_prog_cc_c_o=yes
am_cv_val_LC_MESSAGES=yes
gt_cv_func_CFLocaleCopyCurrent=no
gt_cv_func_CFPreferencesCopyAppValue=no
gt_cv_func_dgettext_libc=yes
gt_cv_func_dgettext_libintl=no
gt_cv_func_ngettext_libc=yes
gt_cv_have_gettext=yes

## ----------------- ##
## Output variables. ##
## ----------------- ##

ACLOCAL='${SHELL} /home/kubuntu/Projects/TWT-Sim/missing aclocal-1.16'
ALL_LINGUAS=''
AMDEPBACKSLASH='\'
AMDEP_FALSE='#'
AMDEP_TRUE=''
AMTAR='$${TAR-tar}'
AM_BACKSLASH='\'
AM_DEFAULT_V='$(AM_DEFAULT_VERBOSITY)'
AM_DEFAULT_VERBOSITY='0'
AM_V='$(V)'
AUTOCONF='${SHELL} /home/kubuntu/Projects/TWT-Sim/missing autoconf'
AUTOHEADER='${SHELL} /home/kubuntu/Projects/TWT-Sim/missing autoheader'
AUTOMAKE='${SHELL} /home/kubuntu/Projects/TWT-Sim/missing automake-1.16'
AWK='mawk'
CATALOGS=''
CATOBJEXT='.gmo'
CC='gcc'
CCDEPMODE='depmode=gcc3'
CFLAGS='-g -O0'
CPP='gcc -E'
CPPFLAGS=''
CXX='g++'
CXXDEPMODE='depmode=gcc3'
CXXFLAGS='-g -O0'
CYGPATH_W='echo'
DATADIRNAME='share'
DEFS='-DHAVE_CONFIG_H'
DEPDIR='.deps'
ECHO_C=''
ECHO_N='-n'
ECHO_T=''
EGREP='/usr/bin/grep -E'
EXEEXT=''
GETTEXT_PACKAGE='twt_sim'
GMOFILES=''
GMSGFMT='/usr/bin/msgfmt'
GREP='/usr/bin/grep'
INSTALL_DATA='${INSTALL} -m 644'
INSTALL_PROGRAM='${INSTALL}'
INSTALL_SCRIPT='${INSTALL}'
INSTALL_STRIP_PROGRAM='$(install_sh) -c -s'
INSTOBJEXT='.mo'
INTLLIBS=''
INTLTOOL_CAVES_RULE='%.caves:     %.caves.in     $(INTLTOOL_MERGE) $(wildcard $(top_srcdir)/po/*.po) ; $(INTLTOOL_V_MERGE)LC_ALL=C $(INTLTOOL_MERGE) $(INTLTOOL_V_MERGE_OPTIONS) -d -u -c $(top_builddir)/po/.intltool-merge-cache $(top_srcdir)/po $< $@'
INTLTOOL_DESKTOP_RULE='%.desktop:   %.desktop.in   $(INTLTOOL_MERGE) $(wildcard $(top_srcdir)/po/*.po) ; $(INTLTOOL_V_MERGE)LC_ALL=C $(INTLTOOL_MERGE) $(INTLTOOL_V_MERGE_OPTIONS) -d -u -c $(top_builddir)/po/.intltool-merge-cache $(top_srcdir)/po $< $@'
INTLTOOL_DIRECTORY_RULE='%.directory: %.directory.in $(INTLTOOL_MERGE) $(wildcard $(top_srcdir)/po/*.po) ; $(INTLTOOL_V_MERGE)LC_ALL=C $(INTLTOOL_MERGE) $(INTLTOOL_V_MERGE_OPTIONS) -d -u -c $(top_builddir)/po/.intltool-merge-cache $(top_srcdir)/po $< $@'
INTLTOOL_EXTRACT='/usr/bin/intltool-extract'
INTLTOOL_KBD_RULE='%.kbd:       %.kbd.in       $(INTLTOOL_MERGE) $(wildcard $(top_srcdir)/po/*.po) ; $(INTLTOOL_V_MERGE)LC_ALL=C $(INTLTOOL_MERGE) $(INTLTOOL_V_MERGE_OPTIONS) -x -u -m -c $(top_builddir)/po/.intltool-merge-cache $(top_srcdir)/po $< $@'
INTLTOOL_KEYS_RULE='%.keys:      %.keys.in      $(INTLTOOL_MERGE) $(wildcard $(top_srcdir)/po/*.po) ; $(INTLTOOL_V_MERGE)LC_ALL=C $(INTLTOOL_MERGE) $(INTLTOOL_V_MERGE_OPTIONS) -k -u -c $(top_builddir)/po/.intltool-merge-cache $(top_srcdir)/po $< $@'
INTLTOOL_MERGE='/usr/bin/intltool-merge'
INTLTOOL_OAF_RULE='%.oaf:       %.oaf.in       $(INTLTOOL_MERGE) $(wildcard $(top_srcdir)/po/*.po) ; $(INTLTOOL_V_MERGE)LC_ALL=C $(INTLTOOL_MERGE) $(INTLTOOL_V_MERGE_OPTIONS) -o -p $(top_srcdir)/po $< $@'
INTLTOOL_PERL='/usr/bin/perl'
INTLTOOL_POLICY_RULE='%.policy:    %.policy.in    $(INTLTOOL_MERGE) $(wildcard $(top_srcdir)/po/*.po) ; $(INTLTOOL_V_MERGE)LC_ALL=C $(INTLTOOL_MERGE) $(INTLTOOL_V_MERGE_OPTIONS) -x -u -c $(top_builddir)/po/.intltool-merge-cache $(top_srcdir)/po $< $@'
INTLTOOL_PONG_RULE='%.pong:      %.pong.in      $(INTLTOOL_MERGE) $(wildcard $(top_srcdir)/po/*.po) ; $(INTLTOOL_V_MERGE)LC_ALL=C $(INTLTOOL_MERGE) $(INTLTOOL_V_MERGE_OPTIONS) -x -u -c $(top_builddir)/po/.intltool-merge-cache $(top_srcdir)/po $< $@'
INTLTOOL_PROP_RULE='%.prop:      %.prop.in      $(INTLTOOL_MERGE) $(wildcard $(top_srcdir)/po/*.po) ; $(INTLTOOL_V_MERGE)LC_ALL=C $(INTLTOOL_MERGE) $(INTLTOOL_V_MERGE_OPTIONS) -d -u -c $(top_builddir)/po/.intltool-merge-cache $(top_srcdir)/po $< $@'
INTLTOOL_SCHEMAS_RULE='%.schemas:   %.schemas.in   $(INTLTOOL_MERGE) $(wildcard $(top_srcdir)/po/*.po) ; $(INTLTOOL_V_MERGE)LC_ALL=C $(INTLTOOL_MERGE) $(INTLTOOL_V_MERGE_OPTIONS) -s -u -c $(top_builddir)/po/.intltool-merge-cache $(top_srcdir)/po $< $@'
INTLTOOL_SERVER_RULE='%.server:    %.server.in    $(INTLTOOL_MERGE) $(wildcard $(top_srcdir)/po/*.po) ; $(INTLTOOL_V_MERGE)LC_ALL=C $(INTLTOOL_MERGE) $(INTLTOOL_V_MERGE_OPTIONS) -o -u -c $(top_builddir)/po/.intltool-merge-cache $(top_srcdir)/po $< $@'
INTLTOOL_SERVICE_RULE='%.service: %.service.in   $(INTLTOOL_MERGE) $(wildcard $(top_srcdir)/po/*.po) ; $(INTLTOOL_V_MERGE)LC_ALL=C $(INTLTOOL_MERGE) $(INTLTOOL_V_MERGE_OPTIONS) -d -u -c $(top_builddir)/po/.intltool-merge-cache $(top_srcdir)/po $< $@'
INTLTOOL_SHEET_RULE='%.sheet:     %.sheet.in     $(INTLTOOL_MERGE) $(wildcard $(top_srcdir)/po/*.po) ; $(INTLTOOL_V_MERGE)LC_ALL=C $(INTLTOOL_MERGE) $(INTLTOOL_V_MERGE_OPTIONS) -x -u -c $(top_builddir)/po/.intltool-merge-cache $(top_srcdir)/po $< $@'
INTLTOOL_SOUNDLIST_RULE='%.soundlist: %.soundlist.in $(INTLTOOL_MERGE) $(wildcard $(top_srcdir)/po/*.po) ; $(INTLTOOL_V_MERGE)LC_ALL=C $(INTLTOOL_MERGE) $(INTLTOOL_V_MERGE_OPTIONS) -d -u -c $(top_builddir)/po/.intltool-merge-cache $(top_srcdir)/po $< $@'
INTLTOOL_THEME_RULE='%.theme:     %.theme.in     $(INTLTOOL_MERGE) $(wildcard $(top_srcdir)/po/*.po) ; $(INTLTOOL_V_MERGE)LC_ALL=C $(INTLTOOL_MERGE) $(INTLTOOL_V_MERGE_OPTIONS) -d -u -c $(top_builddir)/po/.intltool-merge-cache $(top_srcdir)/po $< $@'
INTLTOOL_UI_RULE='%.ui:        %.ui.in        $(INTLTOOL_MERGE) $(wildcard $(top_srcdir)/po/*.po) ; $(INTLTOOL_V_MERGE)LC_ALL=C $(INTLTOOL_MERGE) $(INTLTOOL_V_MERGE_OPTIONS) -x -u -c $(top_builddir)/po/.intltool-merge-cache $(top_srcdir)/po $< $@'
INTLTOOL_UPDATE='/usr/bin/intltool-update'
INTLTOOL_V_MERGE='$(INTLTOOL__v_MERGE_$(V))'
INTLTOOL_V_MERGE_OPTIONS='$(intltool__v_merge_options_$(V))'
INTLTOOL_XAM_RULE='%.xam:       %.xml.in       $(INTLTOOL_MERGE) $(wildcard $(top_srcdir)/po/*.po) ; $(INTLTOOL_V_MERGE)LC_ALL=C $(INTLTOOL_MERGE) $(INTLTOOL_V_MERGE_OPTIONS) -x -u -c $(top_builddir)/po/.intltool-merge-cache $(top_srcdir)/po $< $@'
INTLTOOL_XML_NOMERGE_RULE='%.xml:       %.xml.in       $(INTLTOOL_MERGE) ; $(INTLTOOL_V_MERGE)LC_ALL=C $(INTLTOOL_MERGE) $(INTLTOOL_V_MERGE_OPTIONS) -x -u --no-translations $< $@'
INTLTOOL_XML_RULE='%.xml:       %.xml.in       $(INTLTOOL_MERGE) $(wildcard $(top_srcdir)/po/*.po) ; $(INTLTOOL_V_MERGE)LC_ALL=C $(INTLTOOL_MERGE) $(INTLTOOL_V_MERGE_OPTIONS) -x -u -c $(top_builddir)/po/.intltool-merge-cache $(top_srcdir)/po $< $@'
INTLTOOL__v_MERGE_0='@echo "  ITMRG " $@;'
INTLTOOL__v_MERGE_='$(INTLTOOL__v_MERGE_$(AM_DEFAULT_VERBOSITY))'
INTL_MACOSX_LIBS=''
LDFLAGS=''
LIBOBJS=''
LIBS=''
LTLIBOBJS=''
MAKEINFO='${SHELL} /home/kubuntu/Projects/TWT-Sim/missing makeinfo'
MKDIR_P='/usr/bin/mkdir -p'
MKINSTALLDIRS='/home/kubuntu/Projects/TWT-Sim/mkinstalldirs'
MSGFMT='/usr/bin/msgfmt'
MSGFMT_OPTS='-c'
MSGMERGE='/usr/bin/msgmerge'
OBJEXT='o'
PACKAGE='twt_sim'
PACKAGE_BUGREPORT=''
PACKAGE_NAME='twt_sim'
PACKAGE_STRING='twt_sim 0.1-000'
PACKAGE_TARNAME='twt_sim'
PACKAGE_URL=''
PACKAGE_VERSION='0.1-000'
PATH_SEPARATOR=':'
POFILES=''
POSUB='po'
PO_IN_DATADIR_FALSE=''
PO_IN_DATADIR_TRUE=''
SET_MAKE=''
SHELL='/bin/bash'
STRIP=''
USE_NLS='yes'
VERSION='0.1-000'
XGETTEXT='/usr/bin/xgettext'
ac_ct_CC='gcc'
ac_ct_CXX='g++'
am__EXEEXT_FALSE=''
am__EXEEXT_TRUE='#'
am__fastdepCC_FALSE='#'
am__fastdepCC_TRUE=''
am__fastdepCXX_FALSE='#'
am__fastdepCXX_TRUE=''
am__include='include'
am__isrc=' -I$(srcdir)'
am__leading_dot='.'
am__nodep='_no'
am__quote=''
am__tar='$${TAR-tar} chof - "$$tardir"'
am__untar='$${TAR-tar} xf -'
bindir='${exec_prefix}/bin'
build_alias=''
datadir='${datarootdir}'
datarootdir='${prefix}/share'
docdir='${datarootdir}/doc/${PACKAGE_TARNAME}'
dvidir='${docdir}'
exec_prefix='${prefix}'
host_alias=''
htmldir='${docdir}'
includedir='${prefix}/include'
infodir='${datarootdir}/info'
install_sh='${SHELL} /home/kubuntu/Projects/TWT-Sim/install-sh'
intltool__v_merge_options_0='-q'
intltool__v_merge_options_='$(intltool__v_merge_options_$(AM_DEFAULT_VERBOSITY))'
libdir='${exec_prefix}/lib'
libexecdir='${exec_prefix}/libexec'
localedir='${datarootdir}/locale'
localstatedir='${prefix}/var'
mandir='${datarootdir}/man'
mkdir_p='$(MKDIR_P)'
oldincludedir='/usr/include'
pdfdir='${docdir}'
prefix='/usr/local'
program_transform_name='s,x,x,'
psdir='${docdir}'
runstatedir='${localstatedir}/run'
sbindir='${exec_prefix}/sbin'
sharedstatedir='${prefix}/com'
sysconfdir='${prefix}/etc'
target_alias=''

## ----------- ##
## confdefs.h. ##
## ----------- ##

/* confdefs.h */
#define PACKAGE_NAME "twt_sim"
#define PACKAGE_TARNAME "twt_sim"
#define PACKAGE_VERSION "0.1-000"
#define PACKAGE_STRING "twt_sim 0.1-000"
#define PACKAGE_BUGREPORT ""
#define PACKAGE_URL ""
#define PACKAGE "twt_sim"
#define VERSION "0.1-000"
#define GETTEXT_PACKAGE "twt_sim"
#define STDC_HEADERS 1
#define HAVE_SYS_TYPES_H 1
#define HAVE_SYS_STAT_H 1
#define HAVE_STDLIB_H 1
#define HAVE_STRING_H 1
#define HAVE_MEMORY_H 1
#define HAVE_STRINGS_H 1
#define HAVE_INTTYPES_H 1
#define HAVE_STDINT_H 1
#define HAVE_UNISTD_H 1
#define HAVE_LOCALE_H 1
#define HAVE_LC_MESSAGES 1
#define HAVE_BIND_TEXTDOMAIN_CODESET 1
#define HAVE_GETTEXT 1
#define HAVE_DCGETTEXT 1
#define ENABLE_NLS 1

configure: exit 0

## ---------------------- ##
## Running config.status. ##
## ---------------------- ##

This file was extended by twt_sim config.status 0.1-000, which was
generated by GNU Autoconf 2.69.  Invocation command line was

  CONFIG_FILES    = 
  CONFIG_HEADERS  = 
  CONFIG_LINKS    = 
  CONFIG_COMMANDS = 
  $ ./config.status Makefile

on kubuntu2004

config.status:935: creating Makefile

## ---------------------- ##
## Running config.status. ##
## ---------------------- ##

This file was extended by twt_sim config.status 0.1-000, which was
generated by GNU Autoconf 2.69.  Invocation command line was

  CONFIG_FILES    = 
  CONFIG_HEADERS  = 
  CONFIG_LINKS    = 
  CONFIG_COMMANDS = 
  $ ./config.status src/Makefile depfiles

on kubuntu2004

config.status:935: creating src/Makefile
config.status:1149: executing depfiles commands
config.status:1226: cd src       && sed -e '/# am--include-marker/d' Makefile         | make -f - am--depfiles
make[3]: Entering directory '/home/kubuntu/Projects/TWT-Sim/Debug/src'
make[3]: Nothing to be done for 'am--depfiles'.
make[3]: Leaving directory '/home/kubuntu/Projects/TWT-Sim/Debug/src'
config.status:1231: $? = 0

## ---------------------- ##
## Running config.status. ##
## ---------------------- ##

This file was extended by twt_sim config.status 0.1-000, which was
generated by GNU Autoconf 2.69.  Invocation command line was

  CONFIG_FILES    = po/Makefile.in
  CONFIG_HEADERS  = 
  CONFIG_LINKS    = 
  CONFIG_COMMANDS = 
  $ ./config.status 

on kubuntu2004

config.status:935: creating po/Makefile.in
config.status:1149: executing depfiles commands
config.status:1149: executing default-1 commands
config.status:1149: executing po/stamp-it commands
